[INFO ] 2017-07-22 15:49:19,691(0) --> [main] org.springframework.context.support.AbstractApplicationContext.prepareRefresh(AbstractApplicationContext.java:495): Refreshing org.springframework.context.support.ClassPathXmlApplicationContext@6c121f1d: startup date [Sat Jul 22 15:49:19 GMT+08:00 2017]; root of context hierarchy  
[INFO ] 2017-07-22 15:49:19,737(46) --> [main] org.springframework.beans.factory.xml.XmlBeanDefinitionReader.loadBeanDefinitions(XmlBeanDefinitionReader.java:315): Loading XML bean definitions from class path resource [ApplicationContext.xml]  
[INFO ] 2017-07-22 15:49:19,847(156) --> [main] org.springframework.beans.factory.xml.XmlBeanDefinitionReader.loadBeanDefinitions(XmlBeanDefinitionReader.java:315): Loading XML bean definitions from class path resource [yyadb.xml]  
[INFO ] 2017-07-22 15:49:19,925(234) --> [main] org.springframework.core.io.support.PropertiesLoaderSupport.loadProperties(PropertiesLoaderSupport.java:177): Loading properties file from class path resource [jdbc.properties]  
[INFO ] 2017-07-22 15:49:19,940(249) --> [main] org.springframework.beans.factory.support.DefaultListableBeanFactory.preInstantiateSingletons(DefaultListableBeanFactory.java:557): Pre-instantiating singletons in org.springframework.beans.factory.support.DefaultListableBeanFactory@f06fc94: defining beans [sqlSessionFactory,multipleDataSource,userDao,transactionManager,userService,userServiceImpl,txAdvice,org.springframework.aop.config.internalAutoProxyCreator,txPointcut,org.springframework.aop.support.DefaultBeanFactoryPointcutAdvisor#0,helloWorldService,helloWorldAspect,pointcut,org.springframework.aop.aspectj.AspectJPointcutAdvisor#0,org.springframework.aop.aspectj.AspectJPointcutAdvisor#1,org.springframework.beans.factory.config.PropertyPlaceholderConfigurer#0,jdbcDataSource]; root of factory hierarchy  
[INFO ] 2017-07-22 15:49:20,221(530) --> [main] org.springframework.beans.factory.support.DefaultSingletonBeanRegistry.destroySingletons(DefaultSingletonBeanRegistry.java:433): Destroying singletons in org.springframework.beans.factory.support.DefaultListableBeanFactory@f06fc94: defining beans [sqlSessionFactory,multipleDataSource,userDao,transactionManager,userService,userServiceImpl,txAdvice,org.springframework.aop.config.internalAutoProxyCreator,txPointcut,org.springframework.aop.support.DefaultBeanFactoryPointcutAdvisor#0,helloWorldService,helloWorldAspect,pointcut,org.springframework.aop.aspectj.AspectJPointcutAdvisor#0,org.springframework.aop.aspectj.AspectJPointcutAdvisor#1,org.springframework.beans.factory.config.PropertyPlaceholderConfigurer#0,jdbcDataSource]; root of factory hierarchy  
[INFO ] 2017-07-22 15:51:55,492(0) --> [main] org.springframework.context.support.AbstractApplicationContext.prepareRefresh(AbstractApplicationContext.java:495): Refreshing org.springframework.context.support.ClassPathXmlApplicationContext@19b8e059: startup date [Sat Jul 22 15:51:55 GMT+08:00 2017]; root of context hierarchy  
[INFO ] 2017-07-22 15:51:55,523(31) --> [main] org.springframework.beans.factory.xml.XmlBeanDefinitionReader.loadBeanDefinitions(XmlBeanDefinitionReader.java:315): Loading XML bean definitions from class path resource [ApplicationContext.xml]  
[INFO ] 2017-07-22 15:51:55,648(156) --> [main] org.springframework.beans.factory.xml.XmlBeanDefinitionReader.loadBeanDefinitions(XmlBeanDefinitionReader.java:315): Loading XML bean definitions from class path resource [yyadb.xml]  
[INFO ] 2017-07-22 15:51:55,663(171) --> [main] org.springframework.beans.factory.xml.XmlBeanDefinitionReader.loadBeanDefinitions(XmlBeanDefinitionReader.java:315): Loading XML bean definitions from class path resource [srpdb.xml]  
[INFO ] 2017-07-22 15:51:55,741(249) --> [main] org.springframework.core.io.support.PropertiesLoaderSupport.loadProperties(PropertiesLoaderSupport.java:177): Loading properties file from class path resource [jdbc.properties]  
[INFO ] 2017-07-22 15:51:55,757(265) --> [main] org.springframework.beans.factory.support.DefaultListableBeanFactory.preInstantiateSingletons(DefaultListableBeanFactory.java:557): Pre-instantiating singletons in org.springframework.beans.factory.support.DefaultListableBeanFactory@6e84cc09: defining beans [sqlSessionFactory,multipleDataSource,userDao,transactionManager,userService,userServiceImpl,txAdvice,org.springframework.aop.config.internalAutoProxyCreator,txPointcut,org.springframework.aop.support.DefaultBeanFactoryPointcutAdvisor#0,helloWorldService,helloWorldAspect,pointcut,org.springframework.aop.aspectj.AspectJPointcutAdvisor#0,org.springframework.aop.aspectj.AspectJPointcutAdvisor#1,org.springframework.beans.factory.config.PropertyPlaceholderConfigurer#0,jdbcDataSource,srpDataSource]; root of factory hierarchy  
[INFO ] 2017-07-22 15:51:55,960(468) --> [main] org.springframework.beans.factory.support.DefaultSingletonBeanRegistry.destroySingletons(DefaultSingletonBeanRegistry.java:433): Destroying singletons in org.springframework.beans.factory.support.DefaultListableBeanFactory@6e84cc09: defining beans [sqlSessionFactory,multipleDataSource,userDao,transactionManager,userService,userServiceImpl,txAdvice,org.springframework.aop.config.internalAutoProxyCreator,txPointcut,org.springframework.aop.support.DefaultBeanFactoryPointcutAdvisor#0,helloWorldService,helloWorldAspect,pointcut,org.springframework.aop.aspectj.AspectJPointcutAdvisor#0,org.springframework.aop.aspectj.AspectJPointcutAdvisor#1,org.springframework.beans.factory.config.PropertyPlaceholderConfigurer#0,jdbcDataSource,srpDataSource]; root of factory hierarchy  
[INFO ] 2017-07-22 15:52:28,720(0) --> [main] org.springframework.context.support.AbstractApplicationContext.prepareRefresh(AbstractApplicationContext.java:495): Refreshing org.springframework.context.support.ClassPathXmlApplicationContext@6c121f1d: startup date [Sat Jul 22 15:52:28 GMT+08:00 2017]; root of context hierarchy  
[INFO ] 2017-07-22 15:52:28,751(31) --> [main] org.springframework.beans.factory.xml.XmlBeanDefinitionReader.loadBeanDefinitions(XmlBeanDefinitionReader.java:315): Loading XML bean definitions from class path resource [ApplicationContext.xml]  
[INFO ] 2017-07-22 15:52:28,876(156) --> [main] org.springframework.beans.factory.xml.XmlBeanDefinitionReader.loadBeanDefinitions(XmlBeanDefinitionReader.java:315): Loading XML bean definitions from class path resource [yyadb.xml]  
[INFO ] 2017-07-22 15:52:28,891(171) --> [main] org.springframework.beans.factory.xml.XmlBeanDefinitionReader.loadBeanDefinitions(XmlBeanDefinitionReader.java:315): Loading XML bean definitions from class path resource [srpdb.xml]  
[INFO ] 2017-07-22 15:52:28,954(234) --> [main] org.springframework.core.io.support.PropertiesLoaderSupport.loadProperties(PropertiesLoaderSupport.java:177): Loading properties file from class path resource [jdbc.properties]  
[INFO ] 2017-07-22 15:52:28,969(249) --> [main] org.springframework.beans.factory.support.DefaultListableBeanFactory.preInstantiateSingletons(DefaultListableBeanFactory.java:557): Pre-instantiating singletons in org.springframework.beans.factory.support.DefaultListableBeanFactory@7c6572b: defining beans [sqlSessionFactory,multipleDataSource,userDao,transactionManager,userService,userServiceImpl,txAdvice,org.springframework.aop.config.internalAutoProxyCreator,txPointcut,org.springframework.aop.support.DefaultBeanFactoryPointcutAdvisor#0,helloWorldService,helloWorldAspect,pointcut,org.springframework.aop.aspectj.AspectJPointcutAdvisor#0,org.springframework.aop.aspectj.AspectJPointcutAdvisor#1,org.springframework.beans.factory.config.PropertyPlaceholderConfigurer#0,jdbcDataSource,srpDataSource]; root of factory hierarchy  
[DEBUG] 2017-07-22 15:52:29,283(563) --> [main] org.apache.ibatis.logging.commons.JakartaCommonsLoggingImpl.debug(JakartaCommonsLoggingImpl.java:46): Parsed configuration file: 'class path resource [mybatis-config.xml]'  
[DEBUG] 2017-07-22 15:52:29,439(719) --> [main] org.apache.ibatis.logging.commons.JakartaCommonsLoggingImpl.debug(JakartaCommonsLoggingImpl.java:46): Property 'mapperLocations' was not specified or no matching resources found  
[DEBUG] 2017-07-22 15:52:29,533(813) --> [main] com.matt.business.test.UserController.main(UserController.java:27): Spring loaded  
[DEBUG] 2017-07-22 15:52:29,533(813) --> [main] org.apache.ibatis.logging.commons.JakartaCommonsLoggingImpl.debug(JakartaCommonsLoggingImpl.java:46): Creating a new SqlSession  
[DEBUG] 2017-07-22 15:52:29,549(829) --> [main] org.apache.ibatis.logging.commons.JakartaCommonsLoggingImpl.debug(JakartaCommonsLoggingImpl.java:46): SqlSession [org.apache.ibatis.session.defaults.DefaultSqlSession@19fac852] was not registered for synchronization because synchronization is not active  
[DEBUG] 2017-07-22 15:52:29,564(844) --> [main] org.apache.ibatis.logging.commons.JakartaCommonsLoggingImpl.debug(JakartaCommonsLoggingImpl.java:46): JDBC Connection [jdbc:mysql://localhost:3306/tbcs, UserName=root@localhost, MySQL-AB JDBC Driver] will not be managed by Spring  
[DEBUG] 2017-07-22 15:52:29,564(844) --> [main] org.apache.ibatis.logging.commons.JakartaCommonsLoggingImpl.debug(JakartaCommonsLoggingImpl.java:46): ooo Using Connection [jdbc:mysql://localhost:3306/tbcs, UserName=root@localhost, MySQL-AB JDBC Driver]  
[DEBUG] 2017-07-22 15:52:29,580(860) --> [main] org.apache.ibatis.logging.commons.JakartaCommonsLoggingImpl.debug(JakartaCommonsLoggingImpl.java:46): ==>  Preparing: INSERT INTO user (id,username,password) VALUES (?,?,?)   
[DEBUG] 2017-07-22 15:52:29,595(875) --> [main] org.apache.ibatis.logging.commons.JakartaCommonsLoggingImpl.debug(JakartaCommonsLoggingImpl.java:46): ==> Parameters: 1(Integer), Jessica(String), 123(String)  
[DEBUG] 2017-07-22 15:52:29,595(875) --> [main] org.apache.ibatis.logging.commons.JakartaCommonsLoggingImpl.debug(JakartaCommonsLoggingImpl.java:46): Closing non transactional SqlSession [org.apache.ibatis.session.defaults.DefaultSqlSession@19fac852]  
[DEBUG] 2017-07-22 15:52:29,595(875) --> [main] org.apache.ibatis.logging.commons.JakartaCommonsLoggingImpl.debug(JakartaCommonsLoggingImpl.java:46): Creating a new SqlSession  
[DEBUG] 2017-07-22 15:52:29,595(875) --> [main] org.apache.ibatis.logging.commons.JakartaCommonsLoggingImpl.debug(JakartaCommonsLoggingImpl.java:46): SqlSession [org.apache.ibatis.session.defaults.DefaultSqlSession@604788d5] was not registered for synchronization because synchronization is not active  
[DEBUG] 2017-07-22 15:52:29,595(875) --> [main] org.apache.ibatis.logging.commons.JakartaCommonsLoggingImpl.debug(JakartaCommonsLoggingImpl.java:46): JDBC Connection [jdbc:mysql://localhost:3306/tbcs, UserName=root@localhost, MySQL-AB JDBC Driver] will not be managed by Spring  
[DEBUG] 2017-07-22 15:52:29,595(875) --> [main] org.apache.ibatis.logging.commons.JakartaCommonsLoggingImpl.debug(JakartaCommonsLoggingImpl.java:46): ooo Using Connection [jdbc:mysql://localhost:3306/tbcs, UserName=root@localhost, MySQL-AB JDBC Driver]  
[DEBUG] 2017-07-22 15:52:29,595(875) --> [main] org.apache.ibatis.logging.commons.JakartaCommonsLoggingImpl.debug(JakartaCommonsLoggingImpl.java:46): ==>  Preparing: INSERT INTO user (id,username,password) VALUES (?,?,?)   
[DEBUG] 2017-07-22 15:52:29,595(875) --> [main] org.apache.ibatis.logging.commons.JakartaCommonsLoggingImpl.debug(JakartaCommonsLoggingImpl.java:46): ==> Parameters: 2(Integer), Jessica2(String), 123(String)  
[DEBUG] 2017-07-22 15:52:29,611(891) --> [main] org.apache.ibatis.logging.commons.JakartaCommonsLoggingImpl.debug(JakartaCommonsLoggingImpl.java:46): Closing non transactional SqlSession [org.apache.ibatis.session.defaults.DefaultSqlSession@604788d5]  
[DEBUG] 2017-07-22 15:52:29,611(891) --> [main] org.apache.ibatis.logging.commons.JakartaCommonsLoggingImpl.debug(JakartaCommonsLoggingImpl.java:46): Creating a new SqlSession  
[DEBUG] 2017-07-22 15:52:29,611(891) --> [main] org.apache.ibatis.logging.commons.JakartaCommonsLoggingImpl.debug(JakartaCommonsLoggingImpl.java:46): SqlSession [org.apache.ibatis.session.defaults.DefaultSqlSession@7f342545] was not registered for synchronization because synchronization is not active  
[DEBUG] 2017-07-22 15:52:29,611(891) --> [main] org.apache.ibatis.logging.commons.JakartaCommonsLoggingImpl.debug(JakartaCommonsLoggingImpl.java:46): JDBC Connection [jdbc:mysql://localhost:3306/tbcs, UserName=root@localhost, MySQL-AB JDBC Driver] will not be managed by Spring  
[DEBUG] 2017-07-22 15:52:29,611(891) --> [main] org.apache.ibatis.logging.commons.JakartaCommonsLoggingImpl.debug(JakartaCommonsLoggingImpl.java:46): ooo Using Connection [jdbc:mysql://localhost:3306/tbcs, UserName=root@localhost, MySQL-AB JDBC Driver]  
[DEBUG] 2017-07-22 15:52:29,611(891) --> [main] org.apache.ibatis.logging.commons.JakartaCommonsLoggingImpl.debug(JakartaCommonsLoggingImpl.java:46): ==>  Preparing: SELECT * FROM user WHERE username=? AND password=?   
[DEBUG] 2017-07-22 15:52:29,611(891) --> [main] org.apache.ibatis.logging.commons.JakartaCommonsLoggingImpl.debug(JakartaCommonsLoggingImpl.java:46): ==> Parameters: Jessica2(String), 123(String)  
[DEBUG] 2017-07-22 15:52:29,611(891) --> [main] org.apache.ibatis.logging.commons.JakartaCommonsLoggingImpl.trace(JakartaCommonsLoggingImpl.java:50): <==    Columns: id, USERNAME, password  
[DEBUG] 2017-07-22 15:52:29,611(891) --> [main] org.apache.ibatis.logging.commons.JakartaCommonsLoggingImpl.trace(JakartaCommonsLoggingImpl.java:50): <==        Row: 2, Jessica2, 123  
[DEBUG] 2017-07-22 15:52:29,611(891) --> [main] org.apache.ibatis.logging.commons.JakartaCommonsLoggingImpl.debug(JakartaCommonsLoggingImpl.java:46): Closing non transactional SqlSession [org.apache.ibatis.session.defaults.DefaultSqlSession@7f342545]  
[DEBUG] 2017-07-22 15:52:29,611(891) --> [main] org.apache.ibatis.logging.commons.JakartaCommonsLoggingImpl.debug(JakartaCommonsLoggingImpl.java:46): Creating a new SqlSession  
[DEBUG] 2017-07-22 15:52:29,611(891) --> [main] org.apache.ibatis.logging.commons.JakartaCommonsLoggingImpl.debug(JakartaCommonsLoggingImpl.java:46): SqlSession [org.apache.ibatis.session.defaults.DefaultSqlSession@59050a0] was not registered for synchronization because synchronization is not active  
[DEBUG] 2017-07-22 15:52:29,627(907) --> [main] org.apache.ibatis.logging.commons.JakartaCommonsLoggingImpl.debug(JakartaCommonsLoggingImpl.java:46): JDBC Connection [jdbc:mysql://localhost:3306/tbcs, UserName=root@localhost, MySQL-AB JDBC Driver] will not be managed by Spring  
[DEBUG] 2017-07-22 15:52:29,627(907) --> [main] org.apache.ibatis.logging.commons.JakartaCommonsLoggingImpl.debug(JakartaCommonsLoggingImpl.java:46): ooo Using Connection [jdbc:mysql://localhost:3306/tbcs, UserName=root@localhost, MySQL-AB JDBC Driver]  
[DEBUG] 2017-07-22 15:52:29,627(907) --> [main] org.apache.ibatis.logging.commons.JakartaCommonsLoggingImpl.debug(JakartaCommonsLoggingImpl.java:46): ==>  Preparing: UPDATE user SET password=? WHERE id=?   
[DEBUG] 2017-07-22 15:52:29,627(907) --> [main] org.apache.ibatis.logging.commons.JakartaCommonsLoggingImpl.debug(JakartaCommonsLoggingImpl.java:46): ==> Parameters: 45678994(String), 2(Integer)  
[DEBUG] 2017-07-22 15:52:29,627(907) --> [main] org.apache.ibatis.logging.commons.JakartaCommonsLoggingImpl.debug(JakartaCommonsLoggingImpl.java:46): Closing non transactional SqlSession [org.apache.ibatis.session.defaults.DefaultSqlSession@59050a0]  
[DEBUG] 2017-07-22 15:52:29,627(907) --> [main] org.apache.ibatis.logging.commons.JakartaCommonsLoggingImpl.debug(JakartaCommonsLoggingImpl.java:46): Creating a new SqlSession  
[DEBUG] 2017-07-22 15:52:29,627(907) --> [main] org.apache.ibatis.logging.commons.JakartaCommonsLoggingImpl.debug(JakartaCommonsLoggingImpl.java:46): SqlSession [org.apache.ibatis.session.defaults.DefaultSqlSession@5c4e2f0a] was not registered for synchronization because synchronization is not active  
[DEBUG] 2017-07-22 15:52:29,643(923) --> [main] org.apache.ibatis.logging.commons.JakartaCommonsLoggingImpl.debug(JakartaCommonsLoggingImpl.java:46): JDBC Connection [jdbc:mysql://localhost:3306/srp, UserName=root@localhost, MySQL-AB JDBC Driver] will not be managed by Spring  
[DEBUG] 2017-07-22 15:52:29,643(923) --> [main] org.apache.ibatis.logging.commons.JakartaCommonsLoggingImpl.debug(JakartaCommonsLoggingImpl.java:46): ooo Using Connection [jdbc:mysql://localhost:3306/srp, UserName=root@localhost, MySQL-AB JDBC Driver]  
[DEBUG] 2017-07-22 15:52:29,643(923) --> [main] org.apache.ibatis.logging.commons.JakartaCommonsLoggingImpl.debug(JakartaCommonsLoggingImpl.java:46): ==>  Preparing: INSERT INTO user (id,username,password) VALUES (?,?,?)   
[DEBUG] 2017-07-22 15:52:29,643(923) --> [main] org.apache.ibatis.logging.commons.JakartaCommonsLoggingImpl.debug(JakartaCommonsLoggingImpl.java:46): ==> Parameters: 2(Integer), Jessica2(String), 45678994(String)  
[DEBUG] 2017-07-22 15:52:29,643(923) --> [main] org.apache.ibatis.logging.commons.JakartaCommonsLoggingImpl.debug(JakartaCommonsLoggingImpl.java:46): Closing non transactional SqlSession [org.apache.ibatis.session.defaults.DefaultSqlSession@5c4e2f0a]  
